Done. Made 60 targets from 54 files in 262ms
ninja: Entering directory `/home/ubuntu2004/sharefolder/code-1.0/out/wifiiot'
[1/212] cross compiler obj/foundation/communication/services/softbus_lite/authmanager/source/bus_manager.o
[2/212] cross compiler obj/base/hiviewdfx/frameworks/hilog_lite/mini/hiview_log.o
[3/212] cross compiler obj/base/hiviewdfx/frameworks/hilog_lite/mini/hiview_log_limit.o
[4/212] cross compiler obj/base/hiviewdfx/services/hiview_lite/hiview_service.o
[5/212] cross compiler obj/applications/sample/wifi-iot/app/code_v2.0/mq_2/mq_2.o
[6/212] AR libs/libhiview_lite.a
[7/212] AR libs/libmq2.a
[8/212] cross compiler obj/base/hiviewdfx/frameworks/hilog_lite/mini/hiview_output_log.o
[9/212] STAMP obj/applications/sample/wifi-iot/app/app.stamp
[10/212] AR libs/libhilog_lite.a
[11/212] STAMP obj/base/hiviewdfx/frameworks/hilog_lite/mini/hilog_lite_ndk.stamp
[12/212] cross compiler obj/base/iot_hardware/frameworks/wifiiot_lite/src/wifiiot_kal.o
[13/212] cross compiler obj/base/hiviewdfx/utils/lite/hiview_config.o
[14/212] cross compiler obj/base/iot_hardware/frameworks/wifiiot_lite/src/wifiiot_adc.o
[15/212] cross compiler obj/base/iot_hardware/frameworks/wifiiot_lite/src/wifiiot_gpio.o
[16/212] cross compiler obj/base/iot_hardware/frameworks/wifiiot_lite/src/reset.o
[17/212] cross compiler obj/base/iot_hardware/frameworks/wifiiot_lite/src/wifiiot_flash.o
[18/212] cross compiler obj/base/iot_hardware/frameworks/wifiiot_lite/src/lowpower.o
[19/212] cross compiler obj/base/iot_hardware/frameworks/wifiiot_lite/src/wifiiot_watchdog.o
[20/212] cross compiler obj/base/iot_hardware/frameworks/wifiiot_lite/src/wifiiot_partition.o
[21/212] cross compiler obj/base/hiviewdfx/utils/lite/hiview_cache.o
[22/212] cross compiler obj/base/hiviewdfx/utils/lite/hiview_file.o
[23/212] cross compiler obj/base/hiviewdfx/utils/lite/hiview_util.o
[24/212] AR libs/libcommon_lite.a
[25/212] cross compiler obj/base/security/frameworks/hichainsdk_lite/source/auth_info/add_auth_info.o
[26/212] cross compiler obj/base/security/frameworks/hichainsdk_lite/source/auth_info/auth_info.o
[27/212] cross compiler obj/base/security/frameworks/hichainsdk_lite/source/auth_info/exchange_auth_info.o
[28/212] cross compiler obj/base/security/frameworks/hichainsdk_lite/source/auth_info/remove_auth_info_client.o
[29/212] cross compiler obj/base/iot_hardware/frameworks/wifiiot_lite/src/wifiiot_at.o
[30/212] cross compiler obj/base/iot_hardware/frameworks/wifiiot_lite/src/wifiiot_i2c.o
[31/212] cross compiler obj/base/iot_hardware/frameworks/wifiiot_lite/src/wifiiot_i2s.o
[32/212] cross compiler obj/base/iot_hardware/frameworks/wifiiot_lite/src/wifiiot_pwm.o
[33/212] cross compiler obj/base/iot_hardware/frameworks/wifiiot_lite/src/wifiiot_uart.o
[34/212] cross compiler obj/base/iot_hardware/frameworks/wifiiot_lite/src/wifiiot_spi.o
[35/212] cross compiler obj/base/iot_hardware/frameworks/wifiiot_lite/src/wifiiot_sdio.o
[36/212] cross compiler obj/base/security/frameworks/hichainsdk_lite/source/auth_info/add_auth_info_client.o
[37/212] cross compiler obj/base/security/frameworks/hichainsdk_lite/source/auth_info/exchange_auth_info_client.o
[38/212] AR libs/libiothardware.a
[39/212] STAMP obj/build/lite/ndk.stamp
[40/212] STAMP obj/base/iot_hardware/frameworks/wifiiot_lite/src/iothardware_ndk.stamp
[41/212] cross compiler obj/foundation/communication/services/softbus_lite/authmanager/source/auth_conn.o
[42/212] cross compiler obj/foundation/communication/services/softbus_lite/authmanager/source/msg_get_deviceid.o
[43/212] cross compiler obj/foundation/communication/services/softbus_lite/authmanager/source/auth_interface.o
[44/212] cross compiler obj/base/startup/services/bootstrap_lite/source/bootstrap_service.o
[45/212] cross compiler obj/base/security/frameworks/hichainsdk_lite/source/key_agreement/key_agreement.o
[46/212] cross compiler obj/base/security/frameworks/hichainsdk_lite/source/key_agreement/key_agreement_client.o
[47/212] cross compiler obj/base/security/frameworks/hichainsdk_lite/source/hichain.o
[48/212] cross compiler obj/base/security/frameworks/hichainsdk_lite/source/json/commonutil.o
[49/212] cross compiler obj/base/security/frameworks/hichainsdk_lite/source/json/jsonutil.o
[50/212] cross compiler obj/base/security/frameworks/hichainsdk_lite/source/key_agreement/key_agreement_server.o
[51/212] cross compiler obj/base/security/frameworks/hichainsdk_lite/source/key_agreement/sec_clone_server.o
[52/212] cross compiler obj/base/security/frameworks/hichainsdk_lite/source/huks_adapter/huks_adapter.o
[53/212] cross compiler obj/base/security/frameworks/hichainsdk_lite/source/key_agreement/pake_server.o
[54/212] cross compiler obj/base/security/frameworks/hichainsdk_lite/source/log/log.o
[55/212] cross compiler obj/base/security/frameworks/hichainsdk_lite/source/key_agreement/sts_client.o
[56/212] cross compiler obj/base/security/frameworks/hichainsdk_lite/source/key_agreement/pake_client.o
[57/212] cross compiler obj/base/security/frameworks/hichainsdk_lite/source/struct/add_auth_info_request.o
[58/212] cross compiler obj/base/security/frameworks/hichainsdk_lite/source/struct/add_auth_info_data.o
[59/212] cross compiler obj/base/security/frameworks/hichainsdk_lite/source/key_agreement/sts_server.o
[60/212] cross compiler obj/base/security/frameworks/hichainsdk_lite/source/struct/add_auth_info_response.o
[61/212] cross compiler obj/base/security/frameworks/hichainsdk_lite/source/struct/auth_ack_response.o
[62/212] cross compiler obj/base/security/frameworks/hichainsdk_lite/source/schedule/build_object.o
[63/212] cross compiler obj/base/security/frameworks/hichainsdk_lite/source/schedule/distribution.o
[64/212] cross compiler obj/base/security/frameworks/hichainsdk_lite/source/struct/auth_start_request.o
[65/212] cross compiler obj/base/security/frameworks/hichainsdk_lite/source/struct/auth_ack_request.o
[66/212] cross compiler obj/base/security/frameworks/hichainsdk_lite/source/struct/auth_start_response.o
[67/212] cross compiler obj/base/security/frameworks/hichainsdk_lite/source/struct/exchange_response.o
[68/212] cross compiler obj/base/security/frameworks/hichainsdk_lite/source/struct/import_add_auth_data.o
[69/212] cross compiler obj/base/security/frameworks/hichainsdk_lite/source/struct/exchange_auth_data.o
[70/212] cross compiler obj/base/security/frameworks/hichainsdk_lite/source/struct/pake_client_confirm.o
[71/212] cross compiler obj/base/security/frameworks/hichainsdk_lite/source/struct/exchange_request.o
[72/212] cross compiler obj/base/security/frameworks/hichainsdk_lite/source/struct/key_agreement_version.o
[73/212] cross compiler obj/base/security/frameworks/hichainsdk_lite/source/struct/pake_server_confirm.o
[74/212] cross compiler obj/base/security/frameworks/hichainsdk_lite/source/struct/inform_message.o
[75/212] cross compiler obj/base/security/frameworks/hichainsdk_lite/source/struct/rmv_auth_info_data.o
[76/212] cross compiler obj/base/security/frameworks/hichainsdk_lite/source/struct/rmv_auth_info_request.o
[77/212] cross compiler obj/base/security/frameworks/hichainsdk_lite/source/struct/pake_request.o
[78/212] cross compiler obj/base/security/frameworks/hichainsdk_lite/source/struct/pake_response.o
[79/212] cross compiler obj/base/security/frameworks/hichainsdk_lite/source/struct/rmv_auth_info_response.o
[80/212] cross compiler obj/base/security/frameworks/hichainsdk_lite/source/struct/parsedata.o
[81/212] cross compiler obj/base/security/frameworks/hichainsdk_lite/source/struct/sec_clone_data.o
[82/212] STAMP obj/base/startup/frameworks/syspara_lite/token/token_notes.stamp
[83/212] cross compiler obj/base/startup/frameworks/syspara_lite/parameter/src/param_impl_hal/param_impl_hal.o
[84/212] AR libs/libhichainsdk.a
[85/212] cross compiler obj/base/startup/frameworks/syspara_lite/parameter/src/parameter_common.o
[86/212] cross compiler obj/base/startup/frameworks/syspara_lite/token/src/token_impl_hal/token.o
[87/212] STAMP obj/base/security/frameworks/hichainsdk_lite/hichainsdk.stamp
[88/212] cross compiler obj/base/startup/services/bootstrap_lite/source/system_init.o
[89/212] cross compiler obj/foundation/communication/services/softbus_lite/trans_service/source/libdistbus/tcp_session.o
[90/212] AR libs/libbootstrap.a
[91/212] cross compiler obj/foundation/communication/services/softbus_lite/discovery/coap/source/json_payload.o
[92/212] cross compiler obj/foundation/communication/services/softbus_lite/discovery/coap/source/nstackx_common.o
[93/212] cross compiler obj/foundation/communication/services/softbus_lite/discovery/coap/source/nstackx_device.o
[94/212] cross compiler obj/foundation/communication/services/softbus_lite/discovery/coap/source/coap_socket.o
[95/212] cross compiler obj/foundation/communication/services/softbus_lite/discovery/coap/source/coap_discover.o
[96/212] cross compiler obj/foundation/communication/services/softbus_lite/trans_service/source/libdistbus/tcp_session_manager.o
[97/212] cross compiler obj/foundation/distributedschedule/services/samgr_lite/communication/broadcast/source/pub_sub_feature.o
[98/212] cross compiler obj/foundation/communication/services/softbus_lite/authmanager/source/wifi_auth_manager.o
[99/212] cross compiler obj/foundation/distributedschedule/services/samgr_lite/communication/broadcast/source/pub_sub_implement.o
[100/212] cross compiler obj/foundation/communication/services/softbus_lite/discovery/discovery_service/source/coap_service.o
[101/212] cross compiler obj/foundation/communication/services/softbus_lite/discovery/coap/source/coap_adapter.o
[102/212] cross compiler obj/foundation/communication/services/softbus_lite/discovery/discovery_service/source/common_info_manager.o
[103/212] cross compiler obj/foundation/communication/services/softbus_lite/os_adapter/source/L0/os_adapter.o
[104/212] cross compiler obj/foundation/communication/services/softbus_lite/discovery/discovery_service/source/discovery_service.o
[105/212] cross compiler obj/foundation/communication/services/softbus_lite/trans_service/source/libdistbus/trans_lock.o
[106/212] cross compiler obj/foundation/communication/services/softbus_lite/trans_service/source/libdistbus/auth_conn_manager.o
[107/212] cross compiler obj/foundation/communication/services/softbus_lite/trans_service/source/utils/message.o
[108/212] cross compiler obj/foundation/communication/services/softbus_lite/trans_service/source/utils/aes_gcm.o
[109/212] cross compiler obj/foundation/communication/services/softbus_lite/trans_service/source/utils/tcp_socket.o
[110/212] cross compiler obj/foundation/distributedschedule/services/samgr_lite/samgr/adapter/cmsis/queue_adapter.o
[111/212] cross compiler obj/foundation/distributedschedule/services/samgr_lite/samgr/registry/service_registry.o
[112/212] cross compiler obj/foundation/distributedschedule/services/samgr_lite/samgr/adapter/cmsis/thread_adapter.o
[113/212] cross compiler obj/foundation/distributedschedule/services/samgr_lite/communication/broadcast/source/broadcast_service.o
[114/212] cross compiler obj/foundation/distributedschedule/services/samgr_lite/samgr/adapter/cmsis/memory_adapter.o
[115/212] AR libs/libbroadcast.a
[116/212] cross compiler obj/foundation/distributedschedule/services/samgr_lite/samgr/source/samgr_lite.o
[117/212] cross compiler obj/foundation/distributedschedule/services/samgr_lite/samgr/adapter/cmsis/time_adapter.o
[118/212] AR libs/libsamgr_adapter.a
[119/212] cross compiler obj/foundation/distributedschedule/services/samgr_lite/samgr/source/common.o
[120/212] cross compiler obj/foundation/distributedschedule/services/samgr_lite/samgr/source/iunknown.o
[121/212] cross compiler obj/foundation/distributedschedule/services/samgr_lite/samgr/source/feature.o
[122/212] cross compiler obj/foundation/distributedschedule/services/samgr_lite/samgr/source/task_manager.o
[123/212] cross compiler obj/foundation/distributedschedule/services/samgr_lite/samgr/source/message.o
[124/212] cross compiler obj/foundation/distributedschedule/services/samgr_lite/samgr/source/service.o
[125/212] AR libs/libsamgr_source.a
[126/212] AR libs/libsamgr.a
[127/212] STAMP obj/foundation/distributedschedule/services/samgr_lite/samgr.stamp
[128/212] STAMP obj/foundation/distributedschedule/services/samgr_lite/samgr_lite_ndk.stamp
[129/212] cross compiler obj/kernel/liteos_m/components/kal/src/kal.o
[130/212] AR libs/libkal.a
[131/212] STAMP obj/test/xts/acts/acts_compoment.stamp
[132/212] STAMP obj/test/xts/tools/tools.stamp
[133/212] STAMP obj/third_party/cJSON/cjson_shared.stamp
[134/212] AR libs/libauthmanager.a
[135/212] AR libs/libdiscovery.a
[136/212] STAMP obj/foundation/communication/services/softbus_lite/discovery_ndk.stamp
[137/212] AR libs/libtrans_service.a
[138/212] STAMP obj/foundation/communication/services/softbus_lite/trans_service_ndk.stamp
[139/212] STAMP obj/foundation/communication/services/softbus_lite/softbus.stamp
[140/212] STAMP obj/foundation/communication/services/softbus_lite/softbus_lite_ndk.stamp
[141/212] cross compiler obj/kernel/liteos_m/components/cmsis/cmsis_liteos.o
[142/212] AR libs/libcmsis.a
[143/212] cross compiler obj/third_party/cJSON/cJSON.o
[144/212] cross compiler obj/third_party/cJSON/cJSON_Utils.o
[145/212] STAMP obj/third_party/pahomqtt/pahomqtt_shared.stamp
[146/212] AR libs/libcjson_static.a
[147/212] STAMP obj/third_party/cJSON/cjson_ndk.stamp
[148/212] cross compiler obj/third_party/pahomqtt/MQTTPacket/samples/transport.o
[149/212] cross compiler obj/utils/native/lite/kv_store/src/kvstore_common/kvstore_common.o
[150/212] cross compiler obj/utils/native/lite/kv_store/src/kvstore_impl_hal/kv_store.o
[151/212] cross compiler obj/third_party/pahomqtt/MQTTPacket/src/MQTTConnectClient.o
[152/212] cross compiler obj/third_party/pahomqtt/MQTTPacket/src/MQTTConnectServer.o
[153/212] cross compiler obj/third_party/pahomqtt/MQTTPacket/src/MQTTFormat.o
[154/212] ACTION //test/xdevice:xdevice(//build/lite/toolchain:linux_x86_64_riscv32_gcc)
running install
running bdist_egg
running egg_info
writing src/xdevice.egg-info/PKG-INFO
writing dependency_links to src/xdevice.egg-info/dependency_links.txt
writing entry points to src/xdevice.egg-info/entry_points.txt
writing top-level names to src/xdevice.egg-info/top_level.txt
reading manifest file 'src/xdevice.egg-info/SOURCES.txt'
writing manifest file 'src/xdevice.egg-info/SOURCES.txt'
installing library code to build/bdist.linux-x86_64/egg
running install_lib
running build_py
creating build/bdist.linux-x86_64/egg
creating build/bdist.linux-x86_64/egg/xdevice
creating build/bdist.linux-x86_64/egg/xdevice/_core
copying build/lib/xdevice/_core/logger.py -> build/bdist.linux-x86_64/egg/xdevice/_core
creating build/bdist.linux-x86_64/egg/xdevice/_core/environment
copying build/lib/xdevice/_core/environment/dmlib_lite.py -> build/bdist.linux-x86_64/egg/xdevice/_core/environment
copying build/lib/xdevice/_core/environment/manager_lite.py -> build/bdist.linux-x86_64/egg/xdevice/_core/environment
copying build/lib/xdevice/_core/environment/manager_env.py -> build/bdist.linux-x86_64/egg/xdevice/_core/environment
copying build/lib/xdevice/_core/environment/device_lite.py -> build/bdist.linux-x86_64/egg/xdevice/_core/environment
copying build/lib/xdevice/_core/environment/__init__.py -> build/bdist.linux-x86_64/egg/xdevice/_core/environment
copying build/lib/xdevice/_core/plugin.py -> build/bdist.linux-x86_64/egg/xdevice/_core
creating build/bdist.linux-x86_64/egg/xdevice/_core/config
copying build/lib/xdevice/_core/config/config_manager.py -> build/bdist.linux-x86_64/egg/xdevice/_core/config
copying build/lib/xdevice/_core/config/resource_manager.py -> build/bdist.linux-x86_64/egg/xdevice/_core/config
copying build/lib/xdevice/_core/config/__init__.py -> build/bdist.linux-x86_64/egg/xdevice/_core/config
creating build/bdist.linux-x86_64/egg/xdevice/_core/testkit
copying build/lib/xdevice/_core/testkit/uikit_lite.py -> build/bdist.linux-x86_64/egg/xdevice/_core/testkit
copying build/lib/xdevice/_core/testkit/json_parser.py -> build/bdist.linux-x86_64/egg/xdevice/_core/testkit
copying build/lib/xdevice/_core/testkit/kit_lite.py -> build/bdist.linux-x86_64/egg/xdevice/_core/testkit
copying build/lib/xdevice/_core/testkit/__init__.py -> build/bdist.linux-x86_64/egg/xdevice/_core/testkit
creating build/bdist.linux-x86_64/egg/xdevice/_core/command
copying build/lib/xdevice/_core/command/console.py -> build/bdist.linux-x86_64/egg/xdevice/_core/command
copying build/lib/xdevice/_core/command/__init__.py -> build/bdist.linux-x86_64/egg/xdevice/_core/command
creating build/bdist.linux-x86_64/egg/xdevice/_core/executor
copying build/lib/xdevice/_core/executor/scheduler.py -> build/bdist.linux-x86_64/egg/xdevice/_core/executor
copying build/lib/xdevice/_core/executor/request.py -> build/bdist.linux-x86_64/egg/xdevice/_core/executor
copying build/lib/xdevice/_core/executor/listener.py -> build/bdist.linux-x86_64/egg/xdevice/_core/executor
copying build/lib/xdevice/_core/executor/concurrent.py -> build/bdist.linux-x86_64/egg/xdevice/_core/executor
copying build/lib/xdevice/_core/executor/source.py -> build/bdist.linux-x86_64/egg/xdevice/_core/executor
copying build/lib/xdevice/_core/executor/__init__.py -> build/bdist.linux-x86_64/egg/xdevice/_core/executor
creating build/bdist.linux-x86_64/egg/xdevice/_core/driver
copying build/lib/xdevice/_core/driver/device_test.py -> build/bdist.linux-x86_64/egg/xdevice/_core/driver
copying build/lib/xdevice/_core/driver/parser_lite.py -> build/bdist.linux-x86_64/egg/xdevice/_core/driver
copying build/lib/xdevice/_core/driver/drivers_lite.py -> build/bdist.linux-x86_64/egg/xdevice/_core/driver
copying build/lib/xdevice/_core/driver/__init__.py -> build/bdist.linux-x86_64/egg/xdevice/_core/driver
copying build/lib/xdevice/_core/utils.py -> build/bdist.linux-x86_64/egg/xdevice/_core
copying build/lib/xdevice/_core/interface.py -> build/bdist.linux-x86_64/egg/xdevice/_core
creating build/bdist.linux-x86_64/egg/xdevice/_core/build
copying build/lib/xdevice/_core/build/__init__.py -> build/bdist.linux-x86_64/egg/xdevice/_core/build
copying build/lib/xdevice/_core/exception.py -> build/bdist.linux-x86_64/egg/xdevice/_core
copying build/lib/xdevice/_core/constants.py -> build/bdist.linux-x86_64/egg/xdevice/_core
copying build/lib/xdevice/_core/common.py -> build/bdist.linux-x86_64/egg/xdevice/_core
creating build/bdist.linux-x86_64/egg/xdevice/_core/resource
creating build/bdist.linux-x86_64/egg/xdevice/_core/resource/config
copying build/lib/xdevice/_core/resource/config/user_config.xml -> build/bdist.linux-x86_64/egg/xdevice/_core/resource/config
creating build/bdist.linux-x86_64/egg/xdevice/_core/resource/template
copying build/lib/xdevice/_core/resource/template/report.html -> build/bdist.linux-x86_64/egg/xdevice/_core/resource/template
creating build/bdist.linux-x86_64/egg/xdevice/_core/report
copying build/lib/xdevice/_core/report/reporter_helper.py -> build/bdist.linux-x86_64/egg/xdevice/_core/report
copying build/lib/xdevice/_core/report/encrypt.py -> build/bdist.linux-x86_64/egg/xdevice/_core/report
copying build/lib/xdevice/_core/report/suite_reporter.py -> build/bdist.linux-x86_64/egg/xdevice/_core/report
copying build/lib/xdevice/_core/report/__main__.py -> build/bdist.linux-x86_64/egg/xdevice/_core/report
copying build/lib/xdevice/_core/report/result_reporter.py -> build/bdist.linux-x86_64/egg/xdevice/_core/report
copying build/lib/xdevice/_core/report/__init__.py -> build/bdist.linux-x86_64/egg/xdevice/_core/report
copying build/lib/xdevice/_core/__init__.py -> build/bdist.linux-x86_64/egg/xdevice/_core
copying build/lib/xdevice/__main__.py -> build/bdist.linux-x86_64/egg/xdevice
copying build/lib/xdevice/variables.py -> build/bdist.linux-x86_64/egg/xdevice
copying build/lib/xdevice/__init__.py -> build/bdist.linux-x86_64/egg/xdevice
byte-compiling build/bdist.linux-x86_64/egg/xdevice/_core/logger.py to logger.cpython-38.pyc
byte-compiling build/bdist.linux-x86_64/egg/xdevice/_core/environment/dmlib_lite.py to dmlib_lite.cpython-38.pyc
byte-compiling build/bdist.linux-x86_64/egg/xdevice/_core/environment/manager_lite.py to manager_lite.cpython-38.pyc
byte-compiling build/bdist.linux-x86_64/egg/xdevice/_core/environment/manager_env.py to manager_env.cpython-38.pyc
byte-compiling build/bdist.linux-x86_64/egg/xdevice/_core/environment/device_lite.py to device_lite.cpython-38.pyc
byte-compiling build/bdist.linux-x86_64/egg/xdevice/_core/environment/__init__.py to __init__.cpython-38.pyc
byte-compiling build/bdist.linux-x86_64/egg/xdevice/_core/plugin.py to plugin.cpython-38.pyc
byte-compiling build/bdist.linux-x86_64/egg/xdevice/_core/config/config_manager.py to config_manager.cpython-38.pyc
byte-compiling build/bdist.linux-x86_64/egg/xdevice/_core/config/resource_manager.py to resource_manager.cpython-38.pyc
byte-compiling build/bdist.linux-x86_64/egg/xdevice/_core/config/__init__.py to __init__.cpython-38.pyc
byte-compiling build/bdist.linux-x86_64/egg/xdevice/_core/testkit/uikit_lite.py to uikit_lite.cpython-38.pyc
byte-compiling build/bdist.linux-x86_64/egg/xdevice/_core/testkit/json_parser.py to json_parser.cpython-38.pyc
byte-compiling build/bdist.linux-x86_64/egg/xdevice/_core/testkit/kit_lite.py to kit_lite.cpython-38.pyc
byte-compiling build/bdist.linux-x86_64/egg/xdevice/_core/testkit/__init__.py to __init__.cpython-38.pyc
byte-compiling build/bdist.linux-x86_64/egg/xdevice/_core/command/console.py to console.cpython-38.pyc
byte-compiling build/bdist.linux-x86_64/egg/xdevice/_core/command/__init__.py to __init__.cpython-38.pyc
byte-compiling build/bdist.linux-x86_64/egg/xdevice/_core/executor/scheduler.py to scheduler.cpython-38.pyc
byte-compiling build/bdist.linux-x86_64/egg/xdevice/_core/executor/request.py to request.cpython-38.pyc
byte-compiling build/bdist.linux-x86_64/egg/xdevice/_core/executor/listener.py to listener.cpython-38.pyc
byte-compiling build/bdist.linux-x86_64/egg/xdevice/_core/executor/concurrent.py to concurrent.cpython-38.pyc
byte-compiling build/bdist.linux-x86_64/egg/xdevice/_core/executor/source.py to source.cpython-38.pyc
byte-compiling build/bdist.linux-x86_64/egg/xdevice/_core/executor/__init__.py to __init__.cpython-38.pyc
byte-compiling build/bdist.linux-x86_64/egg/xdevice/_core/driver/device_test.py to device_test.cpython-38.pyc
byte-compiling build/bdist.linux-x86_64/egg/xdevice/_core/driver/parser_lite.py to parser_lite.cpython-38.pyc
byte-compiling build/bdist.linux-x86_64/egg/xdevice/_core/driver/drivers_lite.py to drivers_lite.cpython-38.pyc
byte-compiling build/bdist.linux-x86_64/egg/xdevice/_core/driver/__init__.py to __init__.cpython-38.pyc
byte-compiling build/bdist.linux-x86_64/egg/xdevice/_core/utils.py to utils.cpython-38.pyc
byte-compiling build/bdist.linux-x86_64/egg/xdevice/_core/interface.py to interface.cpython-38.pyc
byte-compiling build/bdist.linux-x86_64/egg/xdevice/_core/build/__init__.py to __init__.cpython-38.pyc
byte-compiling build/bdist.linux-x86_64/egg/xdevice/_core/exception.py to exception.cpython-38.pyc
byte-compiling build/bdist.linux-x86_64/egg/xdevice/_core/constants.py to constants.cpython-38.pyc
byte-compiling build/bdist.linux-x86_64/egg/xdevice/_core/common.py to common.cpython-38.pyc
byte-compiling build/bdist.linux-x86_64/egg/xdevice/_core/report/reporter_helper.py to reporter_helper.cpython-38.pyc
byte-compiling build/bdist.linux-x86_64/egg/xdevice/_core/report/encrypt.py to encrypt.cpython-38.pyc
byte-compiling build/bdist.linux-x86_64/egg/xdevice/_core/report/suite_reporter.py to suite_reporter.cpython-38.pyc
byte-compiling build/bdist.linux-x86_64/egg/xdevice/_core/report/__main__.py to __main__.cpython-38.pyc
byte-compiling build/bdist.linux-x86_64/egg/xdevice/_core/report/result_reporter.py to result_reporter.cpython-38.pyc
byte-compiling build/bdist.linux-x86_64/egg/xdevice/_core/report/__init__.py to __init__.cpython-38.pyc
byte-compiling build/bdist.linux-x86_64/egg/xdevice/_core/__init__.py to __init__.cpython-38.pyc
byte-compiling build/bdist.linux-x86_64/egg/xdevice/__main__.py to __main__.cpython-38.pyc
byte-compiling build/bdist.linux-x86_64/egg/xdevice/variables.py to variables.cpython-38.pyc
byte-compiling build/bdist.linux-x86_64/egg/xdevice/__init__.py to __init__.cpython-38.pyc
creating build/bdist.linux-x86_64/egg/EGG-INFO
copying src/xdevice.egg-info/PKG-INFO -> build/bdist.linux-x86_64/egg/EGG-INFO
copying src/xdevice.egg-info/SOURCES.txt -> build/bdist.linux-x86_64/egg/EGG-INFO
copying src/xdevice.egg-info/dependency_links.txt -> build/bdist.linux-x86_64/egg/EGG-INFO
copying src/xdevice.egg-info/entry_points.txt -> build/bdist.linux-x86_64/egg/EGG-INFO
copying src/xdevice.egg-info/not-zip-safe -> build/bdist.linux-x86_64/egg/EGG-INFO
copying src/xdevice.egg-info/top_level.txt -> build/bdist.linux-x86_64/egg/EGG-INFO
creating 'dist/xdevice-0.0.0-py3.8.egg' and adding 'build/bdist.linux-x86_64/egg' to it
removing 'build/bdist.linux-x86_64/egg' (and everything under it)
Processing xdevice-0.0.0-py3.8.egg
removing '/home/ubuntu2004/.local/lib/python3.8/site-packages/xdevice-0.0.0-py3.8.egg' (and everything under it)
creating /home/ubuntu2004/.local/lib/python3.8/site-packages/xdevice-0.0.0-py3.8.egg
Extracting xdevice-0.0.0-py3.8.egg to /home/ubuntu2004/.local/lib/python3.8/site-packages
xdevice 0.0.0 is already the active version in easy-install.pth
Installing xdevice script to /home/ubuntu2004/.local/bin
Installing xdevice_report script to /home/ubuntu2004/.local/bin

Installed /home/ubuntu2004/.local/lib/python3.8/site-packages/xdevice-0.0.0-py3.8.egg
Processing dependencies for xdevice==0.0.0
Finished processing dependencies for xdevice==0.0.0
[155/212] STAMP obj/test/xdevice/xdevice.stamp
[156/212] cross compiler obj/third_party/pahomqtt/MQTTPacket/src/MQTTPacket.o
[157/212] cross compiler obj/third_party/pahomqtt/MQTTPacket/src/MQTTDeserializePublish.o
[158/212] cross compiler obj/third_party/pahomqtt/MQTTPacket/src/MQTTSubscribeClient.o
[159/212] cross compiler obj/third_party/pahomqtt/MQTTPacket/src/MQTTSerializePublish.o
[160/212] ACTION //test/xts/acts:acts(//build/lite/toolchain:linux_x86_64_riscv32_gcc)
[161/212] STAMP obj/test/xts/acts/acts.stamp
[162/212] cross compiler obj/third_party/pahomqtt/MQTTPacket/src/MQTTSubscribeServer.o
[163/212] cross compiler obj/third_party/pahomqtt/MQTTPacket/src/MQTTUnsubscribeClient.o
[164/212] cross compiler obj/third_party/pahomqtt/MQTTPacket/src/MQTTUnsubscribeServer.o
[165/212] AR libs/libpahomqtt_static.a
[166/212] cross compiler obj/utils/native/lite/file/src/file_impl_hal/file.o
[167/212] STAMP obj/third_party/pahomqtt/pahomqtt_ndk.stamp
[168/212] STAMP obj/vendor/hisi/hi3861/hi3861/sdk.stamp
[169/212] STAMP obj/vendor/hisi/hi3861/hi3861/wifiiot_sdk.stamp
[170/212] AR libs/libutils_kv_store.a
[171/212] STAMP obj/utils/native/lite/kv_store/kv_store.stamp
[172/212] cross compiler obj/vendor/hisi/hi3861/hi3861_adapter/hals/iot_hardware/wifiiot_lite/hal_wifiiot_watchdog.o
[173/212] cross compiler obj/vendor/hisi/hi3861/hi3861_adapter/hals/iot_hardware/wifiiot_lite/hal_wifiiot_at.o
[174/212] cross compiler obj/vendor/hisi/hi3861/hi3861_adapter/hals/communication/wifi_lite/wifiservice/source/wifi_device.o
[175/212] cross compiler obj/vendor/hisi/hi3861/hi3861_adapter/hals/iot_hardware/wifiiot_lite/hal_wifiiot_partition.o
[176/212] cross compiler obj/vendor/hisi/hi3861/hi3861_adapter/hals/iot_hardware/wifiiot_lite/hal_wifiiot_uart.o
[177/212] cross compiler obj/vendor/hisi/hi3861/hi3861_adapter/hals/communication/wifi_lite/wifiservice/source/wifi_hotspot.o
[178/212] cross compiler obj/vendor/huawei/wifi-iot/hals/utils/token/hal_token.o
[179/212] cross compiler obj/vendor/hisi/hi3861/hi3861_adapter/hals/communication/wifi_lite/wifiservice/source/wifi_device_util.o
[180/212] AR libs/libwifiservice.a
[181/212] STAMP obj/foundation/communication/frameworks/wifi_lite/wifi.stamp
[182/212] STAMP obj/vendor/hisi/hi3861/hi3861_adapter/hals/communication/wifi_lite/wifiservice/wifiservice_ndk.stamp
[183/212] cross compiler obj/vendor/hisi/hi3861/hi3861_adapter/hals/iot_hardware/wifiiot_lite/hal_wifiiot_pwm.o
[184/212] cross compiler obj/vendor/hisi/hi3861/hi3861_adapter/hals/iot_hardware/wifiiot_lite/hal_wifiiot_spi.o
[185/212] cross compiler obj/vendor/hisi/hi3861/hi3861_adapter/hals/iot_hardware/wifiiot_lite/hal_wifiiot_kal.o
[186/212] cross compiler obj/vendor/hisi/hi3861/hi3861_adapter/hals/iot_hardware/wifiiot_lite/hal_wifiiot_i2s.o
[187/212] cross compiler obj/vendor/hisi/hi3861/hi3861_adapter/hals/iot_hardware/wifiiot_lite/hal_wifiiot_sdio.o
[188/212] cross compiler obj/vendor/hisi/hi3861/hi3861_adapter/hals/iot_hardware/wifiiot_lite/hal_wifiiot_adc.o
[189/212] cross compiler obj/vendor/hisi/hi3861/hi3861_adapter/hals/iot_hardware/wifiiot_lite/hal_wifiiot_i2c.o
[190/212] cross compiler obj/vendor/hisi/hi3861/hi3861_adapter/hals/iot_hardware/wifiiot_lite/hal_wifiiot_flash.o
[191/212] cross compiler obj/vendor/hisi/hi3861/hi3861_adapter/hals/iot_hardware/wifiiot_lite/hal_wifiiot_gpio.o
[192/212] cross compiler obj/vendor/hisi/hi3861/hi3861_adapter/hals/iot_hardware/wifiiot_lite/hal_reset.o
[193/212] cross compiler obj/vendor/hisi/hi3861/hi3861_adapter/hals/iot_hardware/wifiiot_lite/hal_lowpower.o
[194/212] AR libs/libhal_iothardware.a
[195/212] STAMP obj/base/iot_hardware/frameworks/wifiiot_lite/iothardware.stamp
[196/212] AR libs/libhal_token_static.a
[197/212] AR libs/libtoken_static.a
[198/212] STAMP obj/base/startup/frameworks/syspara_lite/token/token.stamp
[199/212] cross compiler obj/vendor/hisi/hi3861/hi3861_adapter/hals/utils/file/src/hal_file.o
[200/212] AR libs/libhal_file_static.a
[201/212] AR libs/libnative_file.a
[202/212] STAMP obj/utils/native/lite/file/file.stamp
[203/212] cross compiler obj/vendor/huawei/wifi-iot/hals/utils/sys_param/hal_sys_param.o
[204/212] AR libs/libhal_sysparam.a
[205/212] AR libs/libsysparam.a
[206/212] STAMP obj/base/startup/frameworks/syspara_lite/parameter/parameter_notes.stamp
[207/212] STAMP obj/base/startup/frameworks/syspara_lite/parameter/parameter.stamp
[208/212] STAMP obj/build/lite/ohos.stamp
[209/212] ACTION //build/lite:gen_rootfs(//build/lite/toolchain:linux_x86_64_riscv32_gcc)
[210/212] STAMP obj/build/lite/gen_rootfs.stamp
[211/212] ACTION //vendor/hisi/hi3861/hi3861:run_wifiiot_scons(//build/lite/toolchain:linux_x86_64_riscv32_gcc)
execute ota_builder with python...
riscv32-unknown-elf-gcc -Iplatform/os/Huawei_LiteOS/kernel/include -Iconfig -DCONFIG_TEE_HUKS_SUPPORT -DCONFIG_CHIP_PKT_32K -DHI_BOARD_ASIC -DHI_ON_FLASH -E build/link/system_config.ld.S -o build/build_tmp/scripts/system_config.ld -P
nvimg_builder(["build/build_tmp/scripts/system_config.ld"], ["build/link/system_config.ld.S"])
product_name_list: ['sta']
xml h file: /home/ubuntu2004/sharefolder/code-1.0/vendor/hisi/hi3861/hi3861/tools/nvtool/h_file/nv
/home/ubuntu2004/sharefolder/code-1.0/vendor/hisi/hi3861/hi3861/tools/nvtool/out_nv_bin/sta
app_subver_list: ['demo']
current subver_name:demo
root_dir: /home/ubuntu2004/sharefolder/code-1.0/vendor/hisi/hi3861/hi3861/tools/nvtool
mdm_xml: /home/ubuntu2004/sharefolder/code-1.0/vendor/hisi/hi3861/hi3861/tools/nvtool/xml_file/mss_nvi_db.xml
HNV NAME:mss_nvi_db.xml
nv_tool: /home/ubuntu2004/sharefolder/code-1.0/vendor/hisi/hi3861/hi3861/tools/nvtool/tools/nv/cdbm
app_subver_temp_dir:/home/ubuntu2004/sharefolder/code-1.0/vendor/hisi/hi3861/hi3861/tools/nvtool/out_nv_bin/sta/nv/Hi3861_wifiiot_app/outside_demo
make app_subver_temp_dir
mdmxml:/home/ubuntu2004/sharefolder/code-1.0/vendor/hisi/hi3861/hi3861/tools/nvtool/xml_file/mss_nvi_db.xml
src_xml_list: ['/home/ubuntu2004/sharefolder/code-1.0/vendor/hisi/hi3861/hi3861/tools/nvtool/xml_file/mss_nvi_db.xml']
combin_xml:/home/ubuntu2004/sharefolder/code-1.0/vendor/hisi/hi3861/hi3861/tools/nvtool/out_nv_bin/sta/nv/Hi3861_wifiiot_app/mss_nvi_db.xml
root_list [<Element 'HISTUDIO' at 0x7fd7d8361090>]
hi_nv_modify_by_cfg
cfg_file: nv

cmd_line= ('/home/ubuntu2004/sharefolder/code-1.0/vendor/hisi/hi3861/hi3861/tools/nvtool/tools/nv/cdbm', '/home/ubuntu2004/sharefolder/code-1.0/vendor/hisi/hi3861/hi3861/tools/nvtool/out_nv_bin/sta/nv/Hi3861_wifiiot_app/outside_demo/nv.xml', '/home/ubuntu2004/sharefolder/code-1.0/vendor/hisi/hi3861/hi3861/tools/nvtool/h_file/nv', '/home/ubuntu2004/sharefolder/code-1.0/vendor/hisi/hi3861/hi3861/tools/nvtool/out_nv_bin/sta/nv/Hi3861_wifiiot_app/outside_demo/nv')
/home/ubuntu2004/sharefolder/code-1.0/vendor/hisi/hi3861/hi3861/tools/nvtool/out_nv_bin/sta/nv/Hi3861_wifiiot_app/outside_demo/nv.xml
/home/ubuntu2004/sharefolder/code-1.0/vendor/hisi/hi3861/hi3861/tools/nvtool/h_file/nv
/home/ubuntu2004/sharefolder/code-1.0/vendor/hisi/hi3861/hi3861/tools/nvtool/out_nv_bin/sta/nv/Hi3861_wifiiot_app/outside_demo/nv
===========Init HDB Start===========
*********strDataTypeDefPath:/home/ubuntu2004/sharefolder/code-1.0/vendor/hisi/hi3861/hi3861/tools/nvtool/h_file/nv/../nv/nv_modem_struct_def.txt
*********strDataTypeDefPath:/home/ubuntu2004/sharefolder/code-1.0/vendor/hisi/hi3861/hi3861/tools/nvtool/h_file/nv/../nv/nv_modem_struct_def.txt
*********strDataTypeDefPath:/home/ubuntu2004/sharefolder/code-1.0/vendor/hisi/hi3861/hi3861/tools/nvtool/h_file/nv/../nv/nv_factory_struct_def.txt
===========Init HDB finish===========
===========Write NV Buffer To File===========
===========Write NV Buffer Finish===========
RETURN VALUE:0
dst_hnv= /home/ubuntu2004/sharefolder/code-1.0/vendor/hisi/hi3861/hi3861/tools/nvtool/out_nv_bin/sta/nv/hnv/Hi3861_wifiiot_app.hnv
Factory NV total num:10
NV_FILE_STRU :28
Factory NV total size:824
Normal NV total num:13
NV_FILE_STRU :28
Normal NV total size:766
build hnv OK:/home/ubuntu2004/sharefolder/code-1.0/vendor/hisi/hi3861/hi3861/tools/nvtool/out_nv_bin/sta/nv/hnv/Hi3861_wifiiot_app.hnv
ENDING
riscv32-unknown-elf-gcc -Iplatform/os/Huawei_LiteOS/kernel/include -Iconfig -DCONFIG_TEE_HUKS_SUPPORT -DCONFIG_CHIP_PKT_32K -DHI_BOARD_ASIC -DHI_ON_FLASH -DFLASH_FIRM_START=4248512 -E build/link/link.ld.S -o build/build_tmp/scripts/link.lds -P
riscv32-unknown-elf-ld -nostartfiles -nostdlib -static --gc-sections -L/home/ubuntu2004/gcc_riscv32/bin/../lib/gcc/riscv32-unknown-elf/7.3.0 -L/home/ubuntu2004/sharefolder/code-1.0/vendor/hisi/hi3861/hi3861/build/scripts/../../../../../huawei/hms/hilink/ohos/l0/hi3861/lib/wifi -Lbuild/build_tmp/libs/app/wifiiot_app -Lbuild/build_tmp/libs/components/at -Lbuild/build_tmp/libs/platform/drivers -Lbuild/build_tmp/libs/platform/system -Lbuild/build_tmp/scripts -Lbuild/libs -Lbuild/libs/hi3861/release/no_mesh -Lbuild/scripts -Lohos/libs -Tbuild/build_tmp/scripts/link.lds -Map=output/bin/Hi3861_wifiiot_app.map -o output/bin/Hi3861_wifiiot_app.out --start-group --no-whole-archive --whole-archive -lHwKeystoreSDK -ladc -lat -lauthmanager -lbootstrap -lbroadcast -lc_flash -lcfg -lcjson_static -lcmsis -lcommon_lite -lcpup -ldiag -ldiscovery -ldrv -lflash -lgcc -lgpio -lhal_file_static -lhal_iothardware -lhal_sysparam -lhal_token_static -lhichainsdk -lhilog_lite -lhiview_lite -li2c -lio -liothardware -liperf -lkal -llitekernel_flash -lltoswpa -llwip -lm_flash -lmbedtls -lmq2 -lnative_file -lpahomqtt_static -lparttab -lpwm -lres_cfg -lsamgr -lsamgr_adapter -lsamgr_source -lsdio -lsec_flash -lspiffs -lsysparam -lsystem -ltoken_static -ltrans_service -ltsensor -luart -lupg -lutils_kv_store -lwifi -lwifi_flash -lwifiiot_app -lwifiservice -lwpa --end-group
riscv32-unknown-elf-objcopy -O binary output/bin/Hi3861_wifiiot_app.out build/build_tmp/cache/Hi3861_wifiiot_app.bin
baseimg_builder(["build/build_tmp/cache/Hi3861_wifiiot_app_base.bin", "build/build_tmp/cache/Hi3861_wifiiot_app_kernel.bin"], ["build/build_tmp/cache/Hi3861_wifiiot_app.bin"])
cleanup(["build/build_tmp/cache/Hi3861_wifiiot_app_base.bin", "build/build_tmp/cache/Hi3861_wifiiot_app_kernel.bin"], ["build/build_tmp/cache/Hi3861_wifiiot_app.bin"])
ota_builder(["build/build_tmp/cache/Hi3861_wifiiot_app_ota_temp.bin"], ["build/build_tmp/cache/Hi3861_wifiiot_app_base.bin", "build/build_tmp/cache/Hi3861_wifiiot_app_kernel.bin"])
********************package kernel&nv upgrade file********************
upg kernel file    in: build/build_tmp/cache/Hi3861_wifiiot_app_kernel.bin
upg normal nv file in: build/build_tmp/nv/Hi3861_wifiiot_app_normal.hnv
upg file          out: build/build_tmp/cache/Hi3861_wifiiot_app_ota_temp.bin
[common_head_offset=0][common_head_size=96]
[common_key_offset=96][common_key_size=288]
[common_head_sign_offset=384][common_head_sign_size=256]
[section_head_offset=640][section_head_size=64]
[upg_file_sign_offset=704][upg_file_sign_size=256]
[padding_offset=685352][padding_size=8]
[upg fill user info]chip:b'Hi3861'
-------------build/build_tmp/cache/Hi3861_wifiiot_app_ota_temp.bin image info print start-------------
[image_id=0x3c78961e][struct_version=0x0]]
[section_offset=0x280][section_len=0xa72b0]
[file_type=0xf0][file_version=0x0][encrypt_flag=0x42]
[file_len=0xa7530][key_len=0x120]
[file_attr=0x44]
[hash_alg=0x0][sign_alg=0x3f][sign_param=0x0]
[aes_key[0-1-14-15]=[0x0][0x0][0x0][0x0]]
[aes_iv [0-1-14-15]=[0x0][0x0][0x0][0x0]]
[common key][00]=[0x0]
[common key][01]=[0x0]
[common key][30]=[0x0]
[common key][31]=[0x0]
[common sign][00]=[0xd6]
[common sign][01]=[0x4d]
[common sign][30]=[0x9b]
[common sign][31]=[0xbd]
[section sign][00]=[0x11]
[section sign][01]=[0x5c]
[section sign][30]=[0xc3]
[section sign][31]=[0x10]
[image_id=0x3c78961e][struct_version=0x0]]
[hash_alg=0x0][sign_alg=0x3f][sign_param=0x0]
[section_count=0x2]
[section0_compress=0x0][section0_offset=0x3c0][section0_len=0xa6168]
[section1_compress=0x0][section1_offset=0xa6528][section1_len=0x1000]
-------------build/build_tmp/cache/Hi3861_wifiiot_app_ota_temp.bin image info print end--------------
riscv32-unknown-elf-objdump -d output/bin/Hi3861_wifiiot_app.out > output/bin/Hi3861_wifiiot_app.asm
burn_bin_builder(["output/bin/Hi3861_wifiiot_app_burn.bin", "output/bin/Hi3861_wifiiot_app_allinone.bin"], ["build/build_tmp/cache/Hi3861_wifiiot_app_ota_temp.bin", "output/bin/Hi3861_loader_signed.bin"])
********************package hiburn file********************
hbin flash boot file in : output/bin/Hi3861_boot_signed.bin
hbin factory nv file in : build/build_tmp/nv/Hi3861_wifiiot_app_factory.hnv
hbin normal nv file  in : build/build_tmp/cache/Hi3861_wifiiot_app_ota_temp.bin
hbin upg file        in : build/build_tmp/nv/Hi3861_wifiiot_app_factory.hnv
hbin file           out : output/bin/Hi3861_wifiiot_app_burn.bin
-------------output/bin/Hi3861_wifiiot_app_burn.bin image info print start-------------
[bin_size]=[0xb4530]
[image_id=0x3c78961e][struct_version=0x0]]
[section_offset=0x280][section_len=0xa72b0]
[file_type=0xf0][file_version=0x0][encrypt_flag=0x42]
[file_len=0xa7530][key_len=0x120]
[hash_alg=0x0][sign_alg=0x3f][sign_param=0x0]
[aes_key[0,1,14,15]=[0x0][0x0][0x0][0x0]]
[aes_iv[0,1,14,15]=[0x0][0x0][0x0][0x0]]
-------------output/bin/Hi3861_wifiiot_app_burn.bin image info print end--------------
['output/bin/Hi3861_loader_signed.bin', 'output/bin/Hi3861_wifiiot_app_burn.bin', 'output/bin/Hi3861_boot_signed_B.bin']
[0, 0, 2072576]
[0, 2097152, 24576]
[15360, 738608, 24576]
[0, 1, 1]
4022250975
boot_ota_builder(["output/bin/Hi3861_wifiiot_app_flash_boot_ota.bin"], ["output/bin/Hi3861_boot_signed.bin"])
********************package boot upgrade file********************
boot upg file  in: output/bin/Hi3861_boot_signed.bin
boot upg file out: output/bin/Hi3861_wifiiot_app_flash_boot_ota.bin
[common_head_offset=0][common_head_size=96]
[common_key_offset=96][common_key_size=288]
[common_head_sign_offset=384][common_head_sign_size=256]
[section_head_offset=640][section_head_size=64]
[upg_file_sign_offset=704][upg_file_sign_size=256]
[padding_offset=0][padding_size=0]
[upg fill user info]chip:b'Hi3861'
-------------output/bin/Hi3861_wifiiot_app_flash_boot_ota.bin image info print start-------------
[image_id=0x3c78961e][struct_version=0x0]]
[section_offset=0x280][section_len=0x60a0]
[file_type=0xe1][file_version=0x0][encrypt_flag=0x42]
[file_len=0x6320][key_len=0x120]
[file_attr=0x44]
[hash_alg=0x0][sign_alg=0x3f][sign_param=0x0]
[aes_key[0-1-14-15]=[0x0][0x0][0x0][0x0]]
[aes_iv [0-1-14-15]=[0x0][0x0][0x0][0x0]]
[common key][00]=[0x0]
[common key][01]=[0x0]
[common key][30]=[0x0]
[common key][31]=[0x0]
[common sign][00]=[0xc9]
[common sign][01]=[0x21]
[common sign][30]=[0x2f]
[common sign][31]=[0x82]
[section sign][00]=[0x3]
[section sign][01]=[0x99]
[section sign][30]=[0xe6]
[section sign][31]=[0xec]
[image_id=0x3c78961e][struct_version=0x0]]
[hash_alg=0x0][sign_alg=0x3f][sign_param=0x0]
[section_count=0x1]
[section0_compress=0x0][section0_offset=0x3c0][section0_len=0x5f60]
[section1_compress=0x0][section1_offset=0x0][section1_len=0x0]
-------------output/bin/Hi3861_wifiiot_app_flash_boot_ota.bin image info print end--------------
compress_ota_builder(["output/bin/Hi3861_wifiiot_app_ota.bin"], ["build/build_tmp/cache/Hi3861_wifiiot_app_ota_temp.bin"])
********************package compress upgrade file********************
compress upg file in:  build/build_tmp/cache/Hi3861_wifiiot_app_ota_temp.bin
compress upg file out: output/bin/Hi3861_wifiiot_app_ota.bin
lzma compress tool : /home/ubuntu2004/sharefolder/code-1.0/vendor/hisi/hi3861/hi3861/build/scripts/../../tools/lzma_tool/lzma_tool
lzma    src   file : build/build_tmp/cache/Hi3861_wifiiot_app_ota_temp.bin
lzma    out   file : build/build_tmp/cache/Hi3861_wifiiot_app_ota_temp.lzma

LZMA 19.00 (x64) : Igor Pavlov : Public domain : 2019-02-21

Input size:  685360 (0 MiB)
                                                                Output size: 432039 (0 MiB)
[upgbin-compressbin]0xa7530-0x12e000
[common_head_offset=0][common_head_size=96]
[common_key_offset=96][common_key_size=288]
[common_head_sign_offset=384][common_head_sign_size=256]
[section_head_offset=640][section_head_size=64]
[upg_file_sign_offset=704][upg_file_sign_size=256]
[padding_offset=432999][padding_size=9]
[upg fill user info]chip:b'Hi3861'
-------------output/bin/Hi3861_wifiiot_app_ota.bin image info print start-------------
[image_id=0x3c78961e][struct_version=0x0]]
[section_offset=0x280][section_len=0x698f0]
[file_type=0xf0][file_version=0x0][encrypt_flag=0x42]
[file_len=0x69b70][key_len=0x120]
[file_attr=0x44]
[hash_alg=0x0][sign_alg=0x3f][sign_param=0x0]
[aes_key[0-1-14-15]=[0x0][0x0][0x0][0x0]]
[aes_iv [0-1-14-15]=[0x0][0x0][0x0][0x0]]
[common key][00]=[0x0]
[common key][01]=[0x0]
[common key][30]=[0x0]
[common key][31]=[0x0]
[common sign][00]=[0xdb]
[common sign][01]=[0x48]
[common sign][30]=[0x86]
[common sign][31]=[0xa6]
[section sign][00]=[0xb]
[section sign][01]=[0xe7]
[section sign][30]=[0x17]
[section sign][31]=[0x2d]
[image_id=0x3c78961e][struct_version=0x0]]
[hash_alg=0x0][sign_alg=0x3f][sign_param=0x0]
[section_count=0x1]
[section0_compress=0x1][section0_offset=0x3c0][section0_len=0x697a7]
[section1_compress=0x0][section1_offset=0x0][section1_len=0x0]
-------------output/bin/Hi3861_wifiiot_app_ota.bin image info print end--------------

< ^^^^^^^^^^^^^^^^^^^^^^^^^^^^^^^^^^^^^^^^^^^^^^^^^^^^^^^^^^^^^^^^^^^^^ >
                              BUILD SUCCESS                              
< ^^^^^^^^^^^^^^^^^^^^^^^^^^^^^^^^^^^^^^^^^^^^^^^^^^^^^^^^^^^^^^^^^^^^^ >

See build log from: /home/ubuntu2004/sharefolder/code-1.0/vendor/hisi/hi3861/hi3861/build/build_tmp/logs/build_kernel.log
[212/212] STAMP obj/vendor/hisi/hi3861/hi3861/run_wifiiot_scons.stamp
